[[1;34mINFO[m] Scanning for projects...
[[1;34mINFO[m] 
[[1;34mINFO[m] [1m-----------------< [0;36mcom.loteria360:loteria360-backend[0;1m >------------------[m
[[1;34mINFO[m] [1mBuilding Loteria360 Backend 0.0.1-SNAPSHOT[m
[[1;34mINFO[m] [1m--------------------------------[ jar ]---------------------------------[m
[[1;34mINFO[m] 
[[1;34mINFO[m] [1m>>> [0;32mspring-boot-maven-plugin:3.3.0:run[m [1m(default-cli)[0;1m > [0;1mtest-compile[m @ [36mloteria360-backend[0;1m >>>[m
[[1;34mINFO[m] 
[[1;34mINFO[m] [1m--- [0;32mmaven-resources-plugin:3.3.1:resources[m [1m(default-resources)[m @ [36mloteria360-backend[0;1m ---[m
[[1;34mINFO[m] Copying 3 resources from src/main/resources to target/classes
[[1;34mINFO[m] Copying 4 resources from src/main/resources to target/classes
[[1;34mINFO[m] 
[[1;34mINFO[m] [1m--- [0;32mmaven-compiler-plugin:3.11.0:compile[m [1m(default-compile)[m @ [36mloteria360-backend[0;1m ---[m
[[1;34mINFO[m] Nothing to compile - all classes are up to date
[[1;34mINFO[m] 
[[1;34mINFO[m] [1m--- [0;32mmaven-resources-plugin:3.3.1:testResources[m [1m(default-testResources)[m @ [36mloteria360-backend[0;1m ---[m
[[1;34mINFO[m] skip non existing resourceDirectory /Users/guimaraesneto/Documents/dev/ws/Loteria360/Loterica360-backend/src/test/resources
[[1;34mINFO[m] 
[[1;34mINFO[m] [1m--- [0;32mmaven-compiler-plugin:3.11.0:testCompile[m [1m(default-testCompile)[m @ [36mloteria360-backend[0;1m ---[m
[[1;34mINFO[m] Changes detected - recompiling the module! :source
[[1;34mINFO[m] Compiling 1 source file with javac [debug release 17] to target/test-classes
[[1;34mINFO[m] 
[[1;34mINFO[m] [1m<<< [0;32mspring-boot-maven-plugin:3.3.0:run[m [1m(default-cli)[0;1m < [0;1mtest-compile[m @ [36mloteria360-backend[0;1m <<<[m
[[1;34mINFO[m] 
[[1;34mINFO[m] 
[[1;34mINFO[m] [1m--- [0;32mspring-boot-maven-plugin:3.3.0:run[m [1m(default-cli)[m @ [36mloteria360-backend[0;1m ---[m
[[1;34mINFO[m] Attaching agents: []
  .   ____          _            __ _ _
 /\\ / ___'_ __ _ _(_)_ __  __ _ \ \ \ \
( ( )\___ | '_ | '_| | '_ \/ _` | \ \ \ \
 \\/  ___)| |_)| | | | | || (_| |  ) ) ) )
  '  |____| .__|_| |_|_| |_\__, | / / / /
 =========|_|==============|___/=/_/_/_/

 :: Spring Boot ::                (v3.3.0)

{"@timestamp":"2025-09-14T19:50:40.060994-03:00","level":"INFO","logger_name":"com.loteria360.Loteria360Application","message":"Starting Loteria360Application using Java 21.0.5 with PID 28272 (/Users/guimaraesneto/Documents/dev/ws/Loteria360/Loterica360-backend/target/classes started by guimaraesneto in /Users/guimaraesneto/Documents/dev/ws/Loteria360/Loterica360-backend)","traceId":"","spanId":"","application":"loteria360-backend","environment":"dev"}
{"@timestamp":"2025-09-14T19:50:40.069563-03:00","level":"DEBUG","logger_name":"com.loteria360.Loteria360Application","message":"Running with Spring Boot v3.3.0, Spring v6.1.8","traceId":"","spanId":"","application":"loteria360-backend","environment":"dev"}
{"@timestamp":"2025-09-14T19:50:40.070257-03:00","level":"INFO","logger_name":"com.loteria360.Loteria360Application","message":"The following 1 profile is active: \"dev\"","traceId":"","spanId":"","application":"loteria360-backend","environment":"dev"}
{"@timestamp":"2025-09-14T19:50:41.023327-03:00","level":"INFO","logger_name":"org.springframework.data.repository.config.RepositoryConfigurationDelegate","message":"Bootstrapping Spring Data JPA repositories in DEFAULT mode.","traceId":"","spanId":"","application":"loteria360-backend","environment":"dev"}
{"@timestamp":"2025-09-14T19:50:41.105062-03:00","level":"INFO","logger_name":"org.springframework.data.repository.config.RepositoryConfigurationDelegate","message":"Finished Spring Data repository scanning in 75 ms. Found 10 JPA repository interfaces.","traceId":"","spanId":"","application":"loteria360-backend","environment":"dev"}
{"@timestamp":"2025-09-14T19:50:41.814708-03:00","level":"INFO","logger_name":"org.springframework.boot.web.embedded.tomcat.TomcatWebServer","message":"Tomcat initialized with port 8080 (http)","traceId":"","spanId":"","application":"loteria360-backend","environment":"dev"}
{"@timestamp":"2025-09-14T19:50:41.827586-03:00","level":"INFO","logger_name":"org.apache.catalina.core.StandardService","message":"Starting service [Tomcat]","traceId":"","spanId":"","application":"loteria360-backend","environment":"dev"}
{"@timestamp":"2025-09-14T19:50:41.827804-03:00","level":"INFO","logger_name":"org.apache.catalina.core.StandardEngine","message":"Starting Servlet engine: [Apache Tomcat/10.1.24]","traceId":"","spanId":"","application":"loteria360-backend","environment":"dev"}
{"@timestamp":"2025-09-14T19:50:41.892252-03:00","level":"INFO","logger_name":"org.apache.catalina.core.ContainerBase.[Tomcat].[localhost].[/]","message":"Initializing Spring embedded WebApplicationContext","traceId":"","spanId":"","application":"loteria360-backend","environment":"dev"}
{"@timestamp":"2025-09-14T19:50:41.892957-03:00","level":"INFO","logger_name":"org.springframework.boot.web.servlet.context.ServletWebServerApplicationContext","message":"Root WebApplicationContext: initialization completed in 1754 ms","traceId":"","spanId":"","application":"loteria360-backend","environment":"dev"}
{"@timestamp":"2025-09-14T19:50:42.094651-03:00","level":"INFO","logger_name":"com.zaxxer.hikari.HikariDataSource","message":"HikariPool-1 - Starting...","traceId":"","spanId":"","application":"loteria360-backend","environment":"dev"}
{"@timestamp":"2025-09-14T19:50:42.267059-03:00","level":"INFO","logger_name":"com.zaxxer.hikari.pool.HikariPool","message":"HikariPool-1 - Added connection com.mysql.cj.jdbc.ConnectionImpl@11d1735e","traceId":"","spanId":"","application":"loteria360-backend","environment":"dev"}
{"@timestamp":"2025-09-14T19:50:42.268901-03:00","level":"INFO","logger_name":"com.zaxxer.hikari.HikariDataSource","message":"HikariPool-1 - Start completed.","traceId":"","spanId":"","application":"loteria360-backend","environment":"dev"}
{"@timestamp":"2025-09-14T19:50:42.315192-03:00","level":"INFO","logger_name":"org.flywaydb.core.FlywayExecutor","message":"Database: jdbc:mysql://localhost:3306/loteria360 (MySQL 8.0)","traceId":"","spanId":"","application":"loteria360-backend","environment":"dev"}
{"@timestamp":"2025-09-14T19:50:42.415272-03:00","level":"INFO","logger_name":"org.flywaydb.core.internal.command.DbValidate","message":"Successfully validated 3 migrations (execution time 00:00.028s)","traceId":"","spanId":"","application":"loteria360-backend","environment":"dev"}
{"@timestamp":"2025-09-14T19:50:42.43081-03:00","level":"INFO","logger_name":"org.flywaydb.core.internal.command.DbMigrate","message":"Current version of schema `loteria360`: 3","traceId":"","spanId":"","application":"loteria360-backend","environment":"dev"}
{"@timestamp":"2025-09-14T19:50:42.434279-03:00","level":"INFO","logger_name":"org.flywaydb.core.internal.command.DbMigrate","message":"Schema `loteria360` is up to date. No migration necessary.","traceId":"","spanId":"","application":"loteria360-backend","environment":"dev"}
{"@timestamp":"2025-09-14T19:50:42.517652-03:00","level":"INFO","logger_name":"org.hibernate.jpa.internal.util.LogHelper","message":"HHH000204: Processing PersistenceUnitInfo [name: default]","traceId":"","spanId":"","application":"loteria360-backend","environment":"dev"}
{"@timestamp":"2025-09-14T19:50:42.569065-03:00","level":"INFO","logger_name":"org.hibernate.Version","message":"HHH000412: Hibernate ORM core version 6.5.2.Final","traceId":"","spanId":"","application":"loteria360-backend","environment":"dev"}
{"@timestamp":"2025-09-14T19:50:42.599149-03:00","level":"INFO","logger_name":"org.hibernate.cache.internal.RegionFactoryInitiator","message":"HHH000026: Second-level cache disabled","traceId":"","spanId":"","application":"loteria360-backend","environment":"dev"}
{"@timestamp":"2025-09-14T19:50:42.889036-03:00","level":"INFO","logger_name":"org.springframework.orm.jpa.persistenceunit.SpringPersistenceUnitInfo","message":"No LoadTimeWeaver setup: ignoring JPA class transformer","traceId":"","spanId":"","application":"loteria360-backend","environment":"dev"}
{"@timestamp":"2025-09-14T19:50:42.937409-03:00","level":"WARN","logger_name":"org.hibernate.orm.deprecation","message":"HHH90000025: MySQL8Dialect does not need to be specified explicitly using 'hibernate.dialect' (remove the property setting and it will be selected by default)","traceId":"","spanId":"","application":"loteria360-backend","environment":"dev"}
{"@timestamp":"2025-09-14T19:50:42.938085-03:00","level":"WARN","logger_name":"org.hibernate.orm.deprecation","message":"HHH90000026: MySQL8Dialect has been deprecated; use org.hibernate.dialect.MySQLDialect instead","traceId":"","spanId":"","application":"loteria360-backend","environment":"dev"}
{"@timestamp":"2025-09-14T19:50:43.980187-03:00","level":"INFO","logger_name":"org.hibernate.engine.transaction.jta.platform.internal.JtaPlatformInitiator","message":"HHH000489: No JTA platform available (set 'hibernate.transaction.jta.platform' to enable JTA platform integration)","traceId":"","spanId":"","application":"loteria360-backend","environment":"dev"}
{"@timestamp":"2025-09-14T19:50:43.983807-03:00","level":"INFO","logger_name":"org.springframework.orm.jpa.LocalContainerEntityManagerFactoryBean","message":"Initialized JPA EntityManagerFactory for persistence unit 'default'","traceId":"","spanId":"","application":"loteria360-backend","environment":"dev"}
{"@timestamp":"2025-09-14T19:50:44.292587-03:00","level":"INFO","logger_name":"org.springframework.data.jpa.repository.query.QueryEnhancerFactory","message":"Hibernate is in classpath; If applicable, HQL parser will be used.","traceId":"","spanId":"","application":"loteria360-backend","environment":"dev"}
{"@timestamp":"2025-09-14T19:50:44.817172-03:00","level":"DEBUG","logger_name":"com.loteria360.security.JwtAuthFilter","message":"Filter 'jwtAuthFilter' configured for use","traceId":"","spanId":"","application":"loteria360-backend","environment":"dev"}
{"@timestamp":"2025-09-14T19:50:45.012439-03:00","level":"INFO","logger_name":"org.springframework.security.config.annotation.authentication.configuration.InitializeAuthenticationProviderBeanManagerConfigurer$InitializeAuthenticationProviderManagerConfigurer","message":"Global AuthenticationManager configured with AuthenticationProvider bean with name authenticationProvider","traceId":"","spanId":"","application":"loteria360-backend","environment":"dev"}
{"@timestamp":"2025-09-14T19:50:45.013762-03:00","level":"WARN","logger_name":"org.springframework.security.config.annotation.authentication.configuration.InitializeUserDetailsBeanManagerConfigurer$InitializeUserDetailsManagerConfigurer","message":"Global AuthenticationManager configured with an AuthenticationProvider bean. UserDetailsService beans will not be used for username/password login. Consider removing the AuthenticationProvider bean. Alternatively, consider using the UserDetailsService in a manually instantiated DaoAuthenticationProvider.","traceId":"","spanId":"","application":"loteria360-backend","environment":"dev"}
{"@timestamp":"2025-09-14T19:50:45.494065-03:00","level":"WARN","logger_name":"org.springframework.boot.autoconfigure.orm.jpa.JpaBaseConfiguration$JpaWebConfiguration","message":"spring.jpa.open-in-view is enabled by default. Therefore, database queries may be performed during view rendering. Explicitly configure spring.jpa.open-in-view to disable this warning","traceId":"","spanId":"","application":"loteria360-backend","environment":"dev"}
{"@timestamp":"2025-09-14T19:50:45.848809-03:00","level":"INFO","logger_name":"org.springframework.security.web.DefaultSecurityFilterChain","message":"Will secure any request with [org.springframework.security.web.session.DisableEncodeUrlFilter@574985d8, org.springframework.security.web.context.request.async.WebAsyncManagerIntegrationFilter@42ff6af7, org.springframework.security.web.context.SecurityContextHolderFilter@671ba0dc, org.springframework.security.web.header.HeaderWriterFilter@54ba7366, org.springframework.web.filter.CorsFilter@11514c77, org.springframework.security.web.authentication.logout.LogoutFilter@5af2bc6, com.loteria360.security.JwtAuthFilter@1efdaec0, org.springframework.security.web.savedrequest.RequestCacheAwareFilter@23f41ce3, org.springframework.security.web.servletapi.SecurityContextHolderAwareRequestFilter@585a2ad9, org.springframework.security.web.authentication.AnonymousAuthenticationFilter@2a93ad09, org.springframework.security.web.session.SessionManagementFilter@27cfc534, org.springframework.security.web.access.ExceptionTranslationFilter@3c650ad2, org.springframework.security.web.access.intercept.AuthorizationFilter@7ae5231c]","traceId":"","spanId":"","application":"loteria360-backend","environment":"dev"}
{"@timestamp":"2025-09-14T19:50:46.732769-03:00","level":"INFO","logger_name":"org.springframework.boot.web.embedded.tomcat.TomcatWebServer","message":"Tomcat started on port 8080 (http) with context path '/'","traceId":"","spanId":"","application":"loteria360-backend","environment":"dev"}
{"@timestamp":"2025-09-14T19:50:46.745297-03:00","level":"INFO","logger_name":"com.loteria360.Loteria360Application","message":"Started Loteria360Application in 7.449 seconds (process running for 7.852)","traceId":"","spanId":"","application":"loteria360-backend","environment":"dev"}
{"@timestamp":"2025-09-14T19:51:49.63751-03:00","level":"INFO","logger_name":"org.springframework.orm.jpa.LocalContainerEntityManagerFactoryBean","message":"Closing JPA EntityManagerFactory for persistence unit 'default'","traceId":"","spanId":"","application":"loteria360-backend","environment":"dev"}
{"@timestamp":"2025-09-14T19:51:49.645833-03:00","level":"INFO","logger_name":"com.zaxxer.hikari.HikariDataSource","message":"HikariPool-1 - Shutdown initiated...","traceId":"","spanId":"","application":"loteria360-backend","environment":"dev"}
{"@timestamp":"2025-09-14T19:51:49.66662-03:00","level":"INFO","logger_name":"com.zaxxer.hikari.HikariDataSource","message":"HikariPool-1 - Shutdown completed.","traceId":"","spanId":"","application":"loteria360-backend","environment":"dev"}
